('var', 0)
('id', 0)
(';', 0)
('read', 0)
('id', 0)
(';', 0)
('verify', 0)
('id', 0)
('<=', 0)
('const', 1)
('or', 0)
('id', 0)
('mod', 0)
('const', 2)
(':', 0)
('yes', 0)
(':', 0)
('return', 0)
('id', 3)
(';', 0)
('go', 0)
('var', 0)
('id', 4)
('=', 0)
('const', 5)
('as', 0)
('id', 4)
('*', 0)
('id', 4)
('<=', 0)
('id', 0)
('with', 0)
('id', 4)
('=', 0)
('id', 4)
('+', 0)
('const', 2)
(':', 0)
('verify', 0)
('id', 0)
('mod', 0)
('id', 4)
('is', 0)
('const', 6)
(':', 0)
('yes', 0)
(':', 0)
('return', 0)
('id', 3)
(';', 0)
('return', 0)
('id', 7)
(';', 0)
