('cst', -1)
('id', 0)
(';', -1)
('cst', -1)
('id', 1)
(';', -1)
('cst', -1)
('id', 2)
(';', -1)
('verify', -1)
('id', 0)
('>', -1)
('id', 2)
(':', -1)
('yes', -1)
(':', -1)
('verify', -1)
('id', 1)
('>', -1)
('id', 0)
(':', -1)
('yes', -1)
(':', -1)
('print', -1)
('id', 1)
(';', -1)
('no', -1)
(':', -1)
('print', -1)
('id', 0)
(';', -1)
('no', -1)
(':', -1)
('verify', -1)
('id', 1)
('>', -1)
('id', 2)
(':', -1)
('yes', -1)
(':', -1)
('print', -1)
('id', 1)
(';', -1)
('no', -1)
(':', -1)
('print', -1)
('id', 2)
(';', -1)
